<?xml version="1.0" encoding="UTF-8"?>
<testng-results ignored="0" total="7" passed="7" failed="0" skipped="0">
  <reporter-output>
  </reporter-output>
  <suite started-at="2025-09-10T12:21:35 IST" name="Default suite" finished-at="2025-09-10T12:22:24 IST" duration-ms="48906">
    <groups>
      <group name="cucumber">
        <method signature="AbstractTestNGCucumberTests.runScenario(io.cucumber.testng.PickleWrapper,io.cucumber.testng.FeatureWrapper)[pri:0, instance:com.runner.TestRunner@4009e306]" name="runScenario" class="io.cucumber.testng.AbstractTestNGCucumberTests"/>
      </group> <!-- cucumber -->
    </groups>
    <test started-at="2025-09-10T12:21:35 IST" name="Default test" finished-at="2025-09-10T12:22:24 IST" duration-ms="48906">
      <class name="com.runner.TestRunner">
        <test-method is-config="true" signature="setUpClass(org.testng.ITestContext)[pri:0, instance:com.runner.TestRunner@4009e306]" started-at="2025-09-10T12:21:35 IST" name="setUpClass" finished-at="2025-09-10T12:21:37 IST" duration-ms="2284" status="PASS">
          <params>
            <param index="0">
              <value>
                <![CDATA[org.testng.TestRunner@46b5f061]]>
              </value>
            </param>
          </params>
          <reporter-output>
          </reporter-output>
        </test-method> <!-- setUpClass -->
        <test-method signature="runScenario(io.cucumber.testng.PickleWrapper,io.cucumber.testng.FeatureWrapper)[pri:0, instance:com.runner.TestRunner@4009e306]" started-at="2025-09-10T12:21:37 IST" name="runScenario" description="Runs Cucumber Scenarios" data-provider="scenarios" finished-at="2025-09-10T12:21:43 IST" duration-ms="5615" status="PASS">
          <params>
            <param index="0">
              <value>
                <![CDATA["Launching the apollo website successfully"]]>
              </value>
            </param>
            <param index="1">
              <value>
                <![CDATA["Launching the Browser"]]>
              </value>
            </param>
          </params>
          <reporter-output>
          </reporter-output>
        </test-method> <!-- runScenario -->
        <test-method signature="runScenario(io.cucumber.testng.PickleWrapper,io.cucumber.testng.FeatureWrapper)[pri:0, instance:com.runner.TestRunner@4009e306]" started-at="2025-09-10T12:21:43 IST" name="runScenario" description="Runs Cucumber Scenarios" data-provider="scenarios" finished-at="2025-09-10T12:22:02 IST" duration-ms="18859" status="PASS">
          <params>
            <param index="0">
              <value>
                <![CDATA["Verification of successful user login with valid inputs"]]>
              </value>
            </param>
            <param index="1">
              <value>
                <![CDATA["Verification of User Log in"]]>
              </value>
            </param>
          </params>
          <reporter-output>
          </reporter-output>
        </test-method> <!-- runScenario -->
        <test-method signature="runScenario(io.cucumber.testng.PickleWrapper,io.cucumber.testng.FeatureWrapper)[pri:0, instance:com.runner.TestRunner@4009e306]" started-at="2025-09-10T12:22:02 IST" name="runScenario" description="Runs Cucumber Scenarios" data-provider="scenarios" finished-at="2025-09-10T12:22:07 IST" duration-ms="5269" status="PASS">
          <params>
            <param index="0">
              <value>
                <![CDATA["Verification of entering invalid inputs prevents profile addition"]]>
              </value>
            </param>
            <param index="1">
              <value>
                <![CDATA["Addition of new Profile"]]>
              </value>
            </param>
          </params>
          <reporter-output>
          </reporter-output>
        </test-method> <!-- runScenario -->
        <test-method signature="runScenario(io.cucumber.testng.PickleWrapper,io.cucumber.testng.FeatureWrapper)[pri:0, instance:com.runner.TestRunner@4009e306]" started-at="2025-09-10T12:22:07 IST" name="runScenario" description="Runs Cucumber Scenarios" data-provider="scenarios" finished-at="2025-09-10T12:22:16 IST" duration-ms="9107" status="PASS">
          <params>
            <param index="0">
              <value>
                <![CDATA["Verification of successful profile addition with all valid inputs"]]>
              </value>
            </param>
            <param index="1">
              <value>
                <![CDATA["Addition of new Profile"]]>
              </value>
            </param>
          </params>
          <reporter-output>
          </reporter-output>
        </test-method> <!-- runScenario -->
        <test-method signature="runScenario(io.cucumber.testng.PickleWrapper,io.cucumber.testng.FeatureWrapper)[pri:0, instance:com.runner.TestRunner@4009e306]" started-at="2025-09-10T12:22:16 IST" name="runScenario" description="Runs Cucumber Scenarios" data-provider="scenarios" finished-at="2025-09-10T12:22:17 IST" duration-ms="1068" status="PASS">
          <params>
            <param index="0">
              <value>
                <![CDATA["Verifictaion of enabling push notifications works successfully"]]>
              </value>
            </param>
            <param index="1">
              <value>
                <![CDATA["Verification of enabling notifications"]]>
              </value>
            </param>
          </params>
          <reporter-output>
          </reporter-output>
        </test-method> <!-- runScenario -->
        <test-method signature="runScenario(io.cucumber.testng.PickleWrapper,io.cucumber.testng.FeatureWrapper)[pri:0, instance:com.runner.TestRunner@4009e306]" started-at="2025-09-10T12:22:17 IST" name="runScenario" description="Runs Cucumber Scenarios" data-provider="scenarios" finished-at="2025-09-10T12:22:18 IST" duration-ms="461" status="PASS">
          <params>
            <param index="0">
              <value>
                <![CDATA["Verification of enabling SMS notifications works successfully"]]>
              </value>
            </param>
            <param index="1">
              <value>
                <![CDATA["Verification of enabling notifications"]]>
              </value>
            </param>
          </params>
          <reporter-output>
          </reporter-output>
        </test-method> <!-- runScenario -->
        <test-method signature="runScenario(io.cucumber.testng.PickleWrapper,io.cucumber.testng.FeatureWrapper)[pri:0, instance:com.runner.TestRunner@4009e306]" started-at="2025-09-10T12:22:18 IST" name="runScenario" description="Runs Cucumber Scenarios" data-provider="scenarios" finished-at="2025-09-10T12:22:23 IST" duration-ms="5187" status="PASS">
          <params>
            <param index="0">
              <value>
                <![CDATA["Verification of successful Body Mass Index Calculation"]]>
              </value>
            </param>
            <param index="1">
              <value>
                <![CDATA["User Body Mass Index Calculation"]]>
              </value>
            </param>
          </params>
          <reporter-output>
          </reporter-output>
        </test-method> <!-- runScenario -->
        <test-method is-config="true" signature="tearDownClass()[pri:0, instance:com.runner.TestRunner@4009e306]" started-at="2025-09-10T12:22:23 IST" name="tearDownClass" finished-at="2025-09-10T12:22:24 IST" duration-ms="956" status="PASS">
          <reporter-output>
          </reporter-output>
        </test-method> <!-- tearDownClass -->
      </class> <!-- com.runner.TestRunner -->
    </test> <!-- Default test -->
  </suite> <!-- Default suite -->
</testng-results>
