<?xml version="1.0" encoding="UTF-8"?>
<testng-results ignored="0" total="11" passed="11" failed="0" skipped="0">
  <reporter-output>
  </reporter-output>
  <suite started-at="2025-09-11T22:51:57 IST" name="Default suite" finished-at="2025-09-11T22:52:59 IST" duration-ms="61866">
    <groups>
      <group name="cucumber">
        <method signature="AbstractTestNGCucumberTests.runScenario(io.cucumber.testng.PickleWrapper,io.cucumber.testng.FeatureWrapper)[pri:0, instance:com.runner.TestRunner@4009e306]" name="runScenario" class="io.cucumber.testng.AbstractTestNGCucumberTests"/>
      </group> <!-- cucumber -->
    </groups>
    <test started-at="2025-09-11T22:51:57 IST" name="Default test" finished-at="2025-09-11T22:52:59 IST" duration-ms="61866">
      <class name="com.runner.TestRunner">
        <test-method is-config="true" signature="setUpClass(org.testng.ITestContext)[pri:0, instance:com.runner.TestRunner@4009e306]" started-at="2025-09-11T22:51:57 IST" name="setUpClass" finished-at="2025-09-11T22:52:00 IST" duration-ms="3561" status="PASS">
          <params>
            <param index="0">
              <value>
                <![CDATA[org.testng.TestRunner@2110684a]]>
              </value>
            </param>
          </params>
          <reporter-output>
          </reporter-output>
        </test-method> <!-- setUpClass -->
        <test-method signature="runScenario(io.cucumber.testng.PickleWrapper,io.cucumber.testng.FeatureWrapper)[pri:0, instance:com.runner.TestRunner@4009e306]" started-at="2025-09-11T22:52:00 IST" name="runScenario" description="Runs Cucumber Scenarios" data-provider="scenarios" finished-at="2025-09-11T22:52:05 IST" duration-ms="4808" status="PASS">
          <params>
            <param index="0">
              <value>
                <![CDATA["Launching the apollo website successfully"]]>
              </value>
            </param>
            <param index="1">
              <value>
                <![CDATA["Launching the Browser"]]>
              </value>
            </param>
          </params>
          <reporter-output>
          </reporter-output>
        </test-method> <!-- runScenario -->
        <test-method signature="runScenario(io.cucumber.testng.PickleWrapper,io.cucumber.testng.FeatureWrapper)[pri:0, instance:com.runner.TestRunner@4009e306]" started-at="2025-09-11T22:52:05 IST" name="runScenario" description="Runs Cucumber Scenarios" data-provider="scenarios" finished-at="2025-09-11T22:52:17 IST" duration-ms="12022" status="PASS">
          <params>
            <param index="0">
              <value>
                <![CDATA["Verification of login failure with invalid inputs"]]>
              </value>
            </param>
            <param index="1">
              <value>
                <![CDATA["Verification of User Log in"]]>
              </value>
            </param>
          </params>
          <reporter-output>
          </reporter-output>
        </test-method> <!-- runScenario -->
        <test-method signature="runScenario(io.cucumber.testng.PickleWrapper,io.cucumber.testng.FeatureWrapper)[pri:0, instance:com.runner.TestRunner@4009e306]" started-at="2025-09-11T22:52:17 IST" name="runScenario" description="Runs Cucumber Scenarios" data-provider="scenarios" finished-at="2025-09-11T22:52:30 IST" duration-ms="12708" status="PASS">
          <params>
            <param index="0">
              <value>
                <![CDATA["Verification of successful user login with valid inputs"]]>
              </value>
            </param>
            <param index="1">
              <value>
                <![CDATA["Verification of User Log in"]]>
              </value>
            </param>
          </params>
          <reporter-output>
          </reporter-output>
        </test-method> <!-- runScenario -->
        <test-method signature="runScenario(io.cucumber.testng.PickleWrapper,io.cucumber.testng.FeatureWrapper)[pri:0, instance:com.runner.TestRunner@4009e306]" started-at="2025-09-11T22:52:30 IST" name="runScenario" description="Runs Cucumber Scenarios" data-provider="scenarios" finished-at="2025-09-11T22:52:33 IST" duration-ms="3066" status="PASS">
          <params>
            <param index="0">
              <value>
                <![CDATA["Verification of entering invalid inputs prevents profile addition"]]>
              </value>
            </param>
            <param index="1">
              <value>
                <![CDATA["Addition of new Profile"]]>
              </value>
            </param>
          </params>
          <reporter-output>
          </reporter-output>
        </test-method> <!-- runScenario -->
        <test-method signature="runScenario(io.cucumber.testng.PickleWrapper,io.cucumber.testng.FeatureWrapper)[pri:0, instance:com.runner.TestRunner@4009e306]" started-at="2025-09-11T22:52:33 IST" name="runScenario" description="Runs Cucumber Scenarios" data-provider="scenarios" finished-at="2025-09-11T22:52:39 IST" duration-ms="5537" status="PASS">
          <params>
            <param index="0">
              <value>
                <![CDATA["Verification of successful profile addition with all valid inputs"]]>
              </value>
            </param>
            <param index="1">
              <value>
                <![CDATA["Addition of new Profile"]]>
              </value>
            </param>
          </params>
          <reporter-output>
          </reporter-output>
        </test-method> <!-- runScenario -->
        <test-method signature="runScenario(io.cucumber.testng.PickleWrapper,io.cucumber.testng.FeatureWrapper)[pri:0, instance:com.runner.TestRunner@4009e306]" started-at="2025-09-11T22:52:39 IST" name="runScenario" description="Runs Cucumber Scenarios" data-provider="scenarios" finished-at="2025-09-11T22:52:39 IST" duration-ms="755" status="PASS">
          <params>
            <param index="0">
              <value>
                <![CDATA["Verifictaion of enabling push notifications works successfully"]]>
              </value>
            </param>
            <param index="1">
              <value>
                <![CDATA["Verification of enabling notifications"]]>
              </value>
            </param>
          </params>
          <reporter-output>
          </reporter-output>
        </test-method> <!-- runScenario -->
        <test-method signature="runScenario(io.cucumber.testng.PickleWrapper,io.cucumber.testng.FeatureWrapper)[pri:0, instance:com.runner.TestRunner@4009e306]" started-at="2025-09-11T22:52:39 IST" name="runScenario" description="Runs Cucumber Scenarios" data-provider="scenarios" finished-at="2025-09-11T22:52:40 IST" duration-ms="241" status="PASS">
          <params>
            <param index="0">
              <value>
                <![CDATA["Verification of enabling SMS notifications works successfully"]]>
              </value>
            </param>
            <param index="1">
              <value>
                <![CDATA["Verification of enabling notifications"]]>
              </value>
            </param>
          </params>
          <reporter-output>
          </reporter-output>
        </test-method> <!-- runScenario -->
        <test-method signature="runScenario(io.cucumber.testng.PickleWrapper,io.cucumber.testng.FeatureWrapper)[pri:0, instance:com.runner.TestRunner@4009e306]" started-at="2025-09-11T22:52:40 IST" name="runScenario" description="Runs Cucumber Scenarios" data-provider="scenarios" finished-at="2025-09-11T22:52:46 IST" duration-ms="6117" status="PASS">
          <params>
            <param index="0">
              <value>
                <![CDATA["Verification viewing premium insurance plans for user location"]]>
              </value>
            </param>
            <param index="1">
              <value>
                <![CDATA["Viewing Premium Plans for Insurance"]]>
              </value>
            </param>
          </params>
          <reporter-output>
          </reporter-output>
        </test-method> <!-- runScenario -->
        <test-method signature="runScenario(io.cucumber.testng.PickleWrapper,io.cucumber.testng.FeatureWrapper)[pri:0, instance:com.runner.TestRunner@4009e306]" started-at="2025-09-11T22:52:46 IST" name="runScenario" description="Runs Cucumber Scenarios" data-provider="scenarios" finished-at="2025-09-11T22:52:57 IST" duration-ms="10928" status="PASS">
          <params>
            <param index="0">
              <value>
                <![CDATA["Verification of failed BMI Calculation"]]>
              </value>
            </param>
            <param index="1">
              <value>
                <![CDATA["Accessing Weight Management"]]>
              </value>
            </param>
          </params>
          <reporter-output>
          </reporter-output>
        </test-method> <!-- runScenario -->
        <test-method signature="runScenario(io.cucumber.testng.PickleWrapper,io.cucumber.testng.FeatureWrapper)[pri:0, instance:com.runner.TestRunner@4009e306]" started-at="2025-09-11T22:52:57 IST" name="runScenario" description="Runs Cucumber Scenarios" data-provider="scenarios" finished-at="2025-09-11T22:52:57 IST" duration-ms="690" status="PASS">
          <params>
            <param index="0">
              <value>
                <![CDATA["Verification of successful BMI Calculation"]]>
              </value>
            </param>
            <param index="1">
              <value>
                <![CDATA["Accessing Weight Management"]]>
              </value>
            </param>
          </params>
          <reporter-output>
          </reporter-output>
        </test-method> <!-- runScenario -->
        <test-method signature="runScenario(io.cucumber.testng.PickleWrapper,io.cucumber.testng.FeatureWrapper)[pri:0, instance:com.runner.TestRunner@4009e306]" started-at="2025-09-11T22:52:57 IST" name="runScenario" description="Runs Cucumber Scenarios" data-provider="scenarios" finished-at="2025-09-11T22:52:58 IST" duration-ms="329" status="PASS">
          <params>
            <param index="0">
              <value>
                <![CDATA["Verification of User Log out"]]>
              </value>
            </param>
            <param index="1">
              <value>
                <![CDATA["User Log out"]]>
              </value>
            </param>
          </params>
          <reporter-output>
          </reporter-output>
        </test-method> <!-- runScenario -->
        <test-method is-config="true" signature="tearDownClass()[pri:0, instance:com.runner.TestRunner@4009e306]" started-at="2025-09-11T22:52:58 IST" name="tearDownClass" finished-at="2025-09-11T22:52:59 IST" duration-ms="971" status="PASS">
          <reporter-output>
          </reporter-output>
        </test-method> <!-- tearDownClass -->
      </class> <!-- com.runner.TestRunner -->
    </test> <!-- Default test -->
  </suite> <!-- Default suite -->
</testng-results>
